<?xml version="1.0" encoding="UTF-8"?>
<!-- Generated by org.testng.reporters.JUnitReportReporter -->
<testsuite skipped="0" hostname="Subhojit" name="com.qa.Java_Practics_String" tests="5" failures="0" timestamp="06 Apr 2020 19:41:22 GMT" time="0.055" errors="0">
  <testcase name="reverseWordWithoutReversingString" time="0.006" classname="com.qa.Java_Practics_String"/>
  <testcase name="removeDuplicateFromString" time="0.030" classname="com.qa.Java_Practics_String"/>
  <testcase name="removeUnwantedCharacter" time="0.010" classname="com.qa.Java_Practics_String"/>
  <testcase name="reverseAString" time="0.003" classname="com.qa.Java_Practics_String"/>
  <testcase name="reverseStringwithoutRevese" time="0.006" classname="com.qa.Java_Practics_String"/>
</testsuite> <!-- com.qa.Java_Practics_String -->
