<?xml version="1.0" encoding="UTF-8"?>
<!-- Generated by org.testng.reporters.JUnitReportReporter -->
<testsuite skipped="0" hostname="Subhojit" name="com.qa.test_withoutSeialization" tests="1" failures="0" timestamp="05 Apr 2020 20:41:46 GMT" time="4.816" errors="0">
  <testcase name="testToPut" time="4.816" classname="com.qa.test_withoutSeialization"/>
</testsuite> <!-- com.qa.test_withoutSeialization -->
