<?xml version="1.0" encoding="UTF-8"?>
<!-- Generated by org.testng.reporters.JUnitReportReporter -->
<testsuite skipped="4" hostname="Subhojit" name="com.qa.Java_Practics_String" tests="6" failures="0" timestamp="06 Apr 2020 20:21:58 GMT" time="0.035" errors="0">
  <testcase name="nonDuplicateChar" time="0.028" classname="com.qa.Java_Practics_String"/>
  <testcase name="removeDuplicateFromString" time="0.007" classname="com.qa.Java_Practics_String"/>
  <testcase name="reverseAString" classname="com.qa.Java_Practics_String">
    <skipped/>
  </testcase> <!-- reverseAString -->
  <testcase name="removeUnwantedCharacter" classname="com.qa.Java_Practics_String">
    <skipped/>
  </testcase> <!-- removeUnwantedCharacter -->
  <testcase name="reverseStringwithoutRevese" classname="com.qa.Java_Practics_String">
    <skipped/>
  </testcase> <!-- reverseStringwithoutRevese -->
  <testcase name="reverseWordWithoutReversingString" classname="com.qa.Java_Practics_String">
    <skipped/>
  </testcase> <!-- reverseWordWithoutReversingString -->
</testsuite> <!-- com.qa.Java_Practics_String -->
